<?xml version="1.0" encoding="UTF-8"?>
<!-- Generated by org.testng.reporters.JUnitReportReporter -->
<testsuite hostname="CDC2-L-138LY8D" failures="0" tests="3" name="AnnotationsHierarchy.TestMultipleTimes" time="0.020" errors="0" timestamp="2022-04-21T16:27:16 IST" skipped="0">
  <testcase classname="AnnotationsHierarchy.TestMultipleTimes" name="f" time="0.003"/>
  <system-out/>
  <testcase classname="AnnotationsHierarchy.TestMultipleTimes" name="f" time="0.001"/>
  <system-out/>
  <testcase classname="AnnotationsHierarchy.TestMultipleTimes" name="f" time="0.016"/>
  <system-out/>
</testsuite> <!-- AnnotationsHierarchy.TestMultipleTimes -->
