<?xml version="1.0" encoding="UTF-8"?>
<!-- Generated by org.testng.reporters.JUnitReportReporter -->
<testsuite hostname="CDC2-L-138LY8D" failures="0" tests="1" name="ExtentsReports.openGoogle" time="11.909" errors="0" timestamp="2022-07-22T20:02:17 IST" skipped="0">
  <testcase classname="ExtentsReports.openGoogle" name="get" time="11.909"/>
  <system-out/>
</testsuite> <!-- ExtentsReports.openGoogle -->
