<?xml version="1.0" encoding="UTF-8"?>
<!-- Generated by org.testng.reporters.JUnitReportReporter -->
<testsuite hostname="CDC2-L-138LY8D" failures="0" tests="1" name="AnnotationsHierarchy.SetTimeOutExamples" time="2.031" errors="0" timestamp="2022-04-21T16:46:57 IST" skipped="0">
  <testcase classname="AnnotationsHierarchy.SetTimeOutExamples" name="f" time="2.031"/>
  <system-out/>
</testsuite> <!-- AnnotationsHierarchy.SetTimeOutExamples -->
