<?xml version="1.0" encoding="UTF-8"?>
<!-- Generated by org.testng.reporters.JUnitReportReporter -->
<testsuite hostname="CDC2-L-138LY8D" failures="0" tests="1" name="AlertExamples.alertsExample" time="7.227" errors="0" timestamp="2022-08-10T12:09:53 IST" skipped="0">
  <testcase classname="AlertExamples.alertsExample" name="PromotAlert" time="7.227"/>
  <system-out/>
</testsuite> <!-- AlertExamples.alertsExample -->
