<?xml version="1.0" encoding="UTF-8"?>
<!-- Generated by org.testng.reporters.JUnitReportReporter -->
<testsuite hostname="CDC2-L-138LY8D" failures="0" tests="2" name="AnnotationsHierarchy.AnnotationsTest" time="0.006" errors="0" timestamp="2022-08-08T11:32:30 IST" skipped="0">
  <testcase classname="AnnotationsHierarchy.AnnotationsTest" name="f" time="0.005"/>
  <system-out/>
  <testcase classname="AnnotationsHierarchy.AnnotationsTest" name="f1" time="0.001"/>
  <system-out/>
</testsuite> <!-- AnnotationsHierarchy.AnnotationsTest -->
